<?xml version="1.0" encoding="UTF-8"?>
<!-- Generated by org.testng.reporters.JUnitReportReporter -->
<testsuite hostname="DESKTOP-BFAL20L" failures="0" tests="1" name="excelsheet.ExcelProject" time="8.948" errors="0" timestamp="04 Feb 2021 06:55:12 GMT" skipped="0">
  <testcase classname="excelsheet.ExcelProject" name="setup" time="8.948"/>
</testsuite> <!-- excelsheet.ExcelProject -->
